#
# There is insufficient memory for the Java Runtime Environment to continue.
# Native memory allocation (mmap) failed to map 123731968 bytes for G1 virtual space
# Possible reasons:
#   The system is out of physical RAM or swap space
#   The process is running with CompressedOops enabled, and the Java Heap may be blocking the growth of the native heap
# Possible solutions:
#   Reduce memory load on the system
#   Increase physical memory or swap space
#   Check if swap backing store is full
#   Decrease Java heap size (-Xmx/-Xms)
#   Decrease number of Java threads
#   Decrease Java thread stack sizes (-Xss)
#   Set larger code cache with -XX:ReservedCodeCacheSize=
#   JVM is running with Unscaled Compressed Oops mode in which the Java heap is
#     placed in the first 4GB address space. The Java Heap base address is the
#     maximum limit for the native heap growth. Please use -XX:HeapBaseMinAddress
#     to set the Java Heap base and to place the Java Heap above 4GB virtual address.
# This output file may be truncated or incomplete.
#
#  Out of Memory Error (os_windows.cpp:3548), pid=20676, tid=35936
#
# JRE version:  (17.0.10+11) (build )
# Java VM: Java HotSpot(TM) 64-Bit Server VM (17.0.10+11-LTS-240, mixed mode, sharing, tiered, compressed oops, compressed class ptrs, g1 gc, windows-amd64)
# No core dump will be written. Minidumps are not enabled by default on client versions of Windows
#

---------------  S U M M A R Y ------------

Command Line: C:\Users\polly\AppData\Local\Temp\surefire7374374963921864256\surefirebooter-20250228153734495_3.jar C:\Users\polly\AppData\Local\Temp\surefire7374374963921864256 2025-02-28T15-37-32_749-jvmRun1 surefire-20250228153734495_1tmp surefire_0-20250228153734495_2tmp

Host: AMD Ryzen 5 7520U with Radeon Graphics         , 8 cores, 7G,  Windows 11 , 64 bit Build 22621 (10.0.22621.4830)
Time: Fri Feb 28 15:37:35 2025 GMT Standard Time elapsed time: 0.043759 seconds (0d 0h 0m 0s)

---------------  T H R E A D  ---------------

Current thread (0x000001faeb7b3fa0):  JavaThread "Unknown thread" [_thread_in_vm, id=35936, stack(0x00000038cc500000,0x00000038cc600000)]

Stack: [0x00000038cc500000,0x00000038cc600000]
Native frames: (J=compiled Java code, j=interpreted, Vv=VM code, C=native code)
V  [jvm.dll+0x677a5a]
V  [jvm.dll+0x7d8b2d]
V  [jvm.dll+0x7da48e]
V  [jvm.dll+0x7daaf3]
V  [jvm.dll+0x2455ff]
V  [jvm.dll+0x6749b9]
V  [jvm.dll+0x669382]
V  [jvm.dll+0x302e96]
V  [jvm.dll+0x30a416]
V  [jvm.dll+0x359cbe]
V  [jvm.dll+0x359eef]
V  [jvm.dll+0x2d9e88]
V  [jvm.dll+0x2dadf4]
V  [jvm.dll+0x7aa551]
V  [jvm.dll+0x367911]
V  [jvm.dll+0x789639]
V  [jvm.dll+0x3eb30f]
V  [jvm.dll+0x3ecd91]
C  [jli.dll+0x5297]
C  [ucrtbase.dll+0x29333]
C  [KERNEL32.DLL+0x1259d]
C  [ntdll.dll+0x5af38]


---------------  P R O C E S S  ---------------

Threads class SMR info:
_java_thread_list=0x00007ff83f116a18, length=0, elements={
}

Java Threads: ( => current thread )

Other Threads:
  0x000001faeb809c30 GCTaskThread "GC Thread#0" [stack: 0x00000038cc600000,0x00000038cc700000] [id=13356]
  0x000001faeb81a510 ConcurrentGCThread "G1 Main Marker" [stack: 0x00000038cc700000,0x00000038cc800000] [id=27224]
  0x000001faeb81ae20 ConcurrentGCThread "G1 Conc#0" [stack: 0x00000038cc800000,0x00000038cc900000] [id=20756]

[error occurred during error reporting (printing all threads), id 0xc0000005, EXCEPTION_ACCESS_VIOLATION (0xc0000005) at pc=0x00007ff83e94aae7]

VM state: not at safepoint (not fully initialized)

VM Mutex/Monitor currently owned by a thread:  ([mutex/lock_event])
[0x000001faeb7af950] Heap_lock - owner thread: 0x000001faeb7b3fa0

Heap address: 0x000000008ac00000, size: 1876 MB, Compressed Oops mode: 32-bit

CDS archive(s) mapped at: [0x0000000000000000-0x0000000000000000-0x0000000000000000), size 0, SharedBaseAddress: 0x0000000800000000, ArchiveRelocationMode: 1.
Narrow klass base: 0x0000000000000000, Narrow klass shift: 0, Narrow klass range: 0x0

GC Precious Log:
<Empty>

Heap:
 garbage-first heap   total 0K, used 0K [0x000000008ac00000, 0x0000000100000000)
  region size 1024K, 0 young (0K), 0 survivors (0K)

[error occurred during error reporting (printing heap information), id 0xc0000005, EXCEPTION_ACCESS_VIOLATION (0xc0000005) at pc=0x00007ff83ed31249]

GC Heap History (0 events):
No events

Deoptimization events (0 events):
No events

Classes unloaded (0 events):
No events

Classes redefined (0 events):
No events

Internal exceptions (0 events):
No events

VM Operations (0 events):
No events

Events (1 events):
Event: 0.009 Loaded shared library C:\Program Files\Java\jdk-17\bin\java.dll


Dynamic libraries:
0x00007ff6dd1d0000 - 0x00007ff6dd1e0000 	C:\Program Files\Java\jdk-17\bin\java.exe
0x00007ff8a0410000 - 0x00007ff8a0627000 	C:\Windows\SYSTEM32\ntdll.dll
0x00007ff89e430000 - 0x00007ff89e4f4000 	C:\Windows\System32\KERNEL32.DLL
0x00007ff89db20000 - 0x00007ff89def0000 	C:\Windows\System32\KERNELBASE.dll
0x00007ff89def0000 - 0x00007ff89e001000 	C:\Windows\System32\ucrtbase.dll
0x00007ff88c7d0000 - 0x00007ff88c7e9000 	C:\Program Files\Java\jdk-17\bin\jli.dll
0x00007ff88c750000 - 0x00007ff88c76b000 	C:\Program Files\Java\jdk-17\bin\VCRUNTIME140.dll
0x00007ff89e500000 - 0x00007ff89e5b1000 	C:\Windows\System32\ADVAPI32.dll
0x00007ff89e7a0000 - 0x00007ff89e847000 	C:\Windows\System32\msvcrt.dll
0x00007ff89e100000 - 0x00007ff89e1a7000 	C:\Windows\System32\sechost.dll
0x00007ff89daf0000 - 0x00007ff89db18000 	C:\Windows\System32\bcrypt.dll
0x00007ff89ed90000 - 0x00007ff89eea4000 	C:\Windows\System32\RPCRT4.dll
0x00007ff89e280000 - 0x00007ff89e42e000 	C:\Windows\System32\USER32.dll
0x00007ff89e0d0000 - 0x00007ff89e0f6000 	C:\Windows\System32\win32u.dll
0x00007ff87b020000 - 0x00007ff87b2b2000 	C:\Windows\WinSxS\amd64_microsoft.windows.common-controls_6595b64144ccf1df_6.0.22621.4830_none_270fe7d773858e80\COMCTL32.dll
0x00007ff89e5c0000 - 0x00007ff89e5e9000 	C:\Windows\System32\GDI32.dll
0x00007ff89d9d0000 - 0x00007ff89daeb000 	C:\Windows\System32\gdi32full.dll
0x00007ff89d740000 - 0x00007ff89d7da000 	C:\Windows\System32\msvcp_win.dll
0x00007ff892000000 - 0x00007ff89200a000 	C:\Windows\SYSTEM32\VERSION.dll
0x00007ff89e6e0000 - 0x00007ff89e711000 	C:\Windows\System32\IMM32.DLL
0x00007ff897570000 - 0x00007ff89757c000 	C:\Program Files\Java\jdk-17\bin\vcruntime140_1.dll
0x00007ff864490000 - 0x00007ff86451e000 	C:\Program Files\Java\jdk-17\bin\msvcp140.dll
0x00007ff83e660000 - 0x00007ff83f23f000 	C:\Program Files\Java\jdk-17\bin\server\jvm.dll
0x00007ff89e5f0000 - 0x00007ff89e5f8000 	C:\Windows\System32\PSAPI.DLL
0x00007ff897730000 - 0x00007ff897764000 	C:\Windows\SYSTEM32\WINMM.dll
0x00007ff86fb40000 - 0x00007ff86fb49000 	C:\Windows\SYSTEM32\WSOCK32.dll
0x00007ff89e200000 - 0x00007ff89e271000 	C:\Windows\System32\WS2_32.dll
0x00007ff89c6d0000 - 0x00007ff89c6e8000 	C:\Windows\SYSTEM32\kernel.appcore.dll
0x00007ff893ae0000 - 0x00007ff893aea000 	C:\Program Files\Java\jdk-17\bin\jimage.dll
0x00007ff89ae80000 - 0x00007ff89b0b2000 	C:\Windows\SYSTEM32\DBGHELP.DLL
0x00007ff8a0040000 - 0x00007ff8a03d0000 	C:\Windows\System32\combase.dll
0x00007ff89e600000 - 0x00007ff89e6d7000 	C:\Windows\System32\OLEAUT32.dll
0x00007ff8832a0000 - 0x00007ff8832d2000 	C:\Windows\SYSTEM32\dbgcore.DLL
0x00007ff89d950000 - 0x00007ff89d9cb000 	C:\Windows\System32\bcryptPrimitives.dll
0x00007ff877070000 - 0x00007ff877095000 	C:\Program Files\Java\jdk-17\bin\java.dll

dbghelp: loaded successfully - version: 4.0.5 - missing functions: none
symbol engine: initialized successfully - sym options: 0x614 - pdb path: .;C:\Program Files\Java\jdk-17\bin;C:\Windows\SYSTEM32;C:\Windows\WinSxS\amd64_microsoft.windows.common-controls_6595b64144ccf1df_6.0.22621.4830_none_270fe7d773858e80;C:\Program Files\Java\jdk-17\bin\server

VM Arguments:
java_command: C:\Users\polly\AppData\Local\Temp\surefire7374374963921864256\surefirebooter-20250228153734495_3.jar C:\Users\polly\AppData\Local\Temp\surefire7374374963921864256 2025-02-28T15-37-32_749-jvmRun1 surefire-20250228153734495_1tmp surefire_0-20250228153734495_2tmp
java_class_path (initial): C:\Users\polly\AppData\Local\Temp\surefire7374374963921864256\surefirebooter-20250228153734495_3.jar
Launcher Type: SUN_STANDARD

[Global flags]
     intx CICompilerCount                          = 4                                         {product} {ergonomic}
     uint ConcGCThreads                            = 2                                         {product} {ergonomic}
     uint G1ConcRefinementThreads                  = 8                                         {product} {ergonomic}
   size_t G1HeapRegionSize                         = 1048576                                   {product} {ergonomic}
    uintx GCDrainStackTargetSize                   = 64                                        {product} {ergonomic}
   size_t InitialHeapSize                          = 123731968                                 {product} {ergonomic}
   size_t MarkStackSize                            = 4194304                                   {product} {ergonomic}
   size_t MaxHeapSize                              = 1967128576                                {product} {ergonomic}
   size_t MinHeapDeltaBytes                        = 1048576                                   {product} {ergonomic}
   size_t MinHeapSize                              = 8388608                                   {product} {ergonomic}
    uintx NonNMethodCodeHeapSize                   = 5839372                                {pd product} {ergonomic}
    uintx NonProfiledCodeHeapSize                  = 122909434                              {pd product} {ergonomic}
    uintx ProfiledCodeHeapSize                     = 122909434                              {pd product} {ergonomic}
    uintx ReservedCodeCacheSize                    = 251658240                              {pd product} {ergonomic}
     bool SegmentedCodeCache                       = true                                      {product} {ergonomic}
   size_t SoftMaxHeapSize                          = 1967128576                             {manageable} {ergonomic}
     bool UseCompressedClassPointers               = true                           {product lp64_product} {ergonomic}
     bool UseCompressedOops                        = true                           {product lp64_product} {ergonomic}
     bool UseG1GC                                  = true                                      {product} {ergonomic}
     bool UseLargePagesIndividualAllocation        = false                                  {pd product} {ergonomic}

Logging:
Log output configuration:
 #0: stdout all=warning uptime,level,tags
 #1: stderr all=off uptime,level,tags

Environment Variables:
JAVA_HOME=C:\Program Files\Java\jre1.8.0_431
PATH=C:\Ruby32-x64\bin;C:\Program Files\Microsoft SDKs\Azure\CLI2\wbin;C:\Program Files\Common Files\Oracle\Java\javapath;C:\Program Files (x86)\Common Files\Oracle\Java\java8path;C:\Program Files (x86)\Common Files\Oracle\Java\javapath;C:\Windows\system32;C:\Windows;C:\Windows\System32\Wbem;C:\Windows\System32\WindowsPowerShell\v1.0\;C:\Windows\System32\OpenSSH\;C:\Program Files\dotnet\;C:\ProgramData\chocolatey\bin;C:\Program Files (x86)\libsndfile\bin;C:\Users\polly\AppData\Roaming\JetBrains\WebStorm2023.3\node\node-v18.15.0-win-x64;C:\Program Files\Git\cmd;D:\Code\Java\Android\apktool;D:\Program Files\OpenSSL-Win64\bin;C:\Program Files\Git\bin;D:\Program Files\apache-maven-3.9.9\bin;D:\Program Files\terraform_1.10.5_windows_386;C:\Users\polly\AppData\Local\Programs\Python\Launcher\;C:\Users\polly\AppData\Local\Microsoft\WindowsApps;C:\Program Files\JetBrains\IntelliJ IDEA 2024.2.3\bin;;C:\Users\polly\AppData\Local\Programs\Microsoft VS Code\bin;C:\Users\polly\AppData\Local\Microsoft\WinGet\Packages\Gitlab.Runner_Microsoft.Winget.Source_8wekyb3d8bbwe;C:\Program Files\JetBrains\PyCharm 2024.1\bin;;C:\Users\polly\AppData\Roaming\JetBrains\WebStorm2023.3\node\node-v18.15.0-win-x64;;D:\Program Files\JetBrains\JetBrains Rider 2024.3\bin;;C:\Users\polly\.dotnet\tools
USERNAME=polly
OS=Windows_NT
PROCESSOR_IDENTIFIER=AMD64 Family 23 Model 160 Stepping 0, AuthenticAMD



---------------  S Y S T E M  ---------------

OS:
 Windows 11 , 64 bit Build 22621 (10.0.22621.4830)
OS uptime: 13 days 6:44 hours
Hyper-V role detected

CPU: total 8 (initial active 8) (8 cores per cpu, 2 threads per core) family 23 model 160 stepping 0 microcode 0x0, cx8, cmov, fxsr, ht, mmx, 3dnowpref, sse, sse2, sse3, ssse3, sse4a, sse4.1, sse4.2, popcnt, lzcnt, tsc, tscinvbit, avx, avx2, aes, clmul, bmi1, bmi2, adx, sha, fma, vzeroupper, clflush, clflushopt, hv

Memory: 4k page, system-wide physical 7501M (214M free)
TotalPageFile size 26701M (AvailPageFile size 128M)
current process WorkingSet (physical memory assigned to process): 11M, peak: 11M
current process commit charge ("private bytes"): 60M, peak: 178M

vm_info: Java HotSpot(TM) 64-Bit Server VM (17.0.10+11-LTS-240) for windows-amd64 JRE (17.0.10+11-LTS-240), built on Dec 19 2023 21:47:25 by "mach5one" with MS VC++ 17.1 (VS2022)

END.
